yarn run v1.22.22
$ storybook build --output-dir=C:\Users\rajka\AppData\Local\Temp\chromatic--27232-o9FKgGLzepad
[1m@storybook/core v8.5.2
[22m
info => Cleaning outputDir: [36m..\..\..\..\AppData\Local\Temp\chromatic--27232-o9FKgGLzepad[39m
info => Loading presets
info => Building manager..
info => Manager built ([38;2;181;126;229m1.66 s[39m)
info => Building preview..
[36mvite v4.3.9 [32mbuilding for production...[36m[39m
transforming...
[32m✓[39m 189 modules transformed.
rendering chunks...
computing gzip size...
[2m../../../../AppData/Local/Temp/chromatic--27232-o9FKgGLzepad/[22m[32massets/youtube-9d265ff6.svg               [39m[1m[2m  0.72 kB[22m[1m[22m[2m │ gzip:   0.35 kB[22m
[2m../../../../AppData/Local/Temp/chromatic--27232-o9FKgGLzepad/[22m[32massets/tutorials-92011d59.svg             [39m[1m[2m  1.26 kB[22m[1m[22m[2m │ gzip:   0.62 kB[22m
[2m../../../../AppData/Local/Temp/chromatic--27232-o9FKgGLzepad/[22m[32massets/discord-728ff265.svg               [39m[1m[2m  2.39 kB[22m[1m[22m[2m │ gzip:   1.12 kB[22m
[2m../../../../AppData/Local/Temp/chromatic--27232-o9FKgGLzepad/[22m[32massets/github-a4113cf2.svg                [39m[1m[2m  2.72 kB[22m[1m[22m[2m │ gzip:   1.22 kB[22m
[2m../../../../AppData/Local/Temp/chromatic--27232-o9FKgGLzepad/[22m[32massets/context-c612d889.png               [39m[1m[2m  6.12 kB[22m[1m[22m
[2m../../../../AppData/Local/Temp/chromatic--27232-o9FKgGLzepad/[22m[32massets/styling-c83082e0.png               [39m[1m[2m  7.24 kB[22m[1m[22m
[2m../../../../AppData/Local/Temp/chromatic--27232-o9FKgGLzepad/[22m[32miframe.html                               [39m[1m[2m 16.36 kB[22m[1m[22m[2m │ gzip:   4.44 kB[22m
[2m../../../../AppData/Local/Temp/chromatic--27232-o9FKgGLzepad/[22m[32massets/docs-5b0c7100.png                  [39m[1m[2m 27.88 kB[22m[1m[22m
[2m../../../../AppData/Local/Temp/chromatic--27232-o9FKgGLzepad/[22m[32massets/share-b59d6c77.png                 [39m[1m[2m 40.77 kB[22m[1m[22m
[2m../../../../AppData/Local/Temp/chromatic--27232-o9FKgGLzepad/[22m[32massets/accessibility-cd6d60f7.png         [39m[1m[2m 42.34 kB[22m[1m[22m
[2m../../../../AppData/Local/Temp/chromatic--27232-o9FKgGLzepad/[22m[32massets/figma-plugin-b0a5ad2d.png          [39m[1m[2m 44.25 kB[22m[1m[22m
[2m../../../../AppData/Local/Temp/chromatic--27232-o9FKgGLzepad/[22m[32massets/theming-b6e819c3.png               [39m[1m[2m 44.37 kB[22m[1m[22m
[2m../../../../AppData/Local/Temp/chromatic--27232-o9FKgGLzepad/[22m[32massets/testing-6a59f681.png               [39m[1m[2m 49.31 kB[22m[1m[22m
[2m../../../../AppData/Local/Temp/chromatic--27232-o9FKgGLzepad/[22m[32massets/addon-library-bc7ba705.png         [39m[1m[2m467.37 kB[22m[1m[22m
[2m../../../../AppData/Local/Temp/chromatic--27232-o9FKgGLzepad/[22m[35massets/Header-e65035ec.css                [39m[1m[2m  0.51 kB[22m[1m[22m[2m │ gzip:   0.30 kB[22m
[2m../../../../AppData/Local/Temp/chromatic--27232-o9FKgGLzepad/[22m[35massets/Button-e36af210.css                [39m[1m[2m  0.52 kB[22m[1m[22m[2m │ gzip:   0.29 kB[22m
[2m../../../../AppData/Local/Temp/chromatic--27232-o9FKgGLzepad/[22m[35massets/Page.stories-382a5253.css          [39m[1m[2m  0.91 kB[22m[1m[22m[2m │ gzip:   0.39 kB[22m
[2m../../../../AppData/Local/Temp/chromatic--27232-o9FKgGLzepad/[22m[36massets/preview-029c0863.js                [39m[1m[2m  0.11 kB[22m[1m[22m[2m │ gzip:   0.11 kB[22m
[2m../../../../AppData/Local/Temp/chromatic--27232-o9FKgGLzepad/[22m[36massets/index-62094acb.js                  [39m[1m[2m  0.12 kB[22m[1m[22m[2m │ gzip:   0.12 kB[22m
[2m../../../../AppData/Local/Temp/chromatic--27232-o9FKgGLzepad/[22m[36massets/preview-c7cbcea2.js                [39m[1m[2m  0.16 kB[22m[1m[22m[2m │ gzip:   0.16 kB[22m
[2m../../../../AppData/Local/Temp/chromatic--27232-o9FKgGLzepad/[22m[36massets/preview-f161ba31.js                [39m[1m[2m  0.17 kB[22m[1m[22m[2m │ gzip:   0.15 kB[22m
[2m../../../../AppData/Local/Temp/chromatic--27232-o9FKgGLzepad/[22m[36massets/index-b941285a.js                  [39m[1m[2m  0.39 kB[22m[1m[22m[2m │ gzip:   0.26 kB[22m
[2m../../../../AppData/Local/Temp/chromatic--27232-o9FKgGLzepad/[22m[36massets/preview-5334dcf1.js                [39m[1m[2m  0.67 kB[22m[1m[22m[2m │ gzip:   0.43 kB[22m
[2m../../../../AppData/Local/Temp/chromatic--27232-o9FKgGLzepad/[22m[36massets/preview-8c2b145e.js                [39m[1m[2m  0.71 kB[22m[1m[22m[2m │ gzip:   0.50 kB[22m
[2m../../../../AppData/Local/Temp/chromatic--27232-o9FKgGLzepad/[22m[36massets/chunk-XP5HYGXS-8b50b325.js         [39m[1m[2m  0.72 kB[22m[1m[22m[2m │ gzip:   0.41 kB[22m
[2m../../../../AppData/Local/Temp/chromatic--27232-o9FKgGLzepad/[22m[36massets/index-356e4a49.js                  [39m[1m[2m  0.77 kB[22m[1m[22m[2m │ gzip:   0.47 kB[22m
[2m../../../../AppData/Local/Temp/chromatic--27232-o9FKgGLzepad/[22m[36massets/react-18-94e06fa4.js               [39m[1m[2m  0.80 kB[22m[1m[22m[2m │ gzip:   0.47 kB[22m
[2m../../../../AppData/Local/Temp/chromatic--27232-o9FKgGLzepad/[22m[36massets/v4-4a60fe23.js                     [39m[1m[2m  0.87 kB[22m[1m[22m[2m │ gzip:   0.46 kB[22m
[2m../../../../AppData/Local/Temp/chromatic--27232-o9FKgGLzepad/[22m[36massets/Header.stories-5cbe0269.js         [39m[1m[2m  0.92 kB[22m[1m[22m[2m │ gzip:   0.47 kB[22m
[2m../../../../AppData/Local/Temp/chromatic--27232-o9FKgGLzepad/[22m[36massets/jsx-runtime-3dc6859f.js            [39m[1m[2m  0.92 kB[22m[1m[22m[2m │ gzip:   0.58 kB[22m
[2m../../../../AppData/Local/Temp/chromatic--27232-o9FKgGLzepad/[22m[36massets/DocsRenderer-CFRXHY34-68cdcaa9.js  [39m[1m[2m  1.18 kB[22m[1m[22m[2m │ gzip:   0.64 kB[22m
[2m../../../../AppData/Local/Temp/chromatic--27232-o9FKgGLzepad/[22m[36massets/animation-603af585.js              [39m[1m[2m  1.19 kB[22m[1m[22m[2m │ gzip:   0.39 kB[22m
[2m../../../../AppData/Local/Temp/chromatic--27232-o9FKgGLzepad/[22m[36massets/styles-0d296c9c.js                 [39m[1m[2m  1.24 kB[22m[1m[22m[2m │ gzip:   0.76 kB[22m
[2m../../../../AppData/Local/Temp/chromatic--27232-o9FKgGLzepad/[22m[36massets/Button-10b16cd1.js                 [39m[1m[2m  1.29 kB[22m[1m[22m[2m │ gzip:   0.61 kB[22m
[2m../../../../AppData/Local/Temp/chromatic--27232-o9FKgGLzepad/[22m[36massets/Button.stories-efef2d72.js         [39m[1m[2m  1.54 kB[22m[1m[22m[2m │ gzip:   0.58 kB[22m
[2m../../../../AppData/Local/Temp/chromatic--27232-o9FKgGLzepad/[22m[36massets/Header-77487a78.js                 [39m[1m[2m  1.60 kB[22m[1m[22m[2m │ gzip:   0.78 kB[22m
[2m../../../../AppData/Local/Temp/chromatic--27232-o9FKgGLzepad/[22m[36massets/index-dff50305.js                  [39m[1m[2m  1.74 kB[22m[1m[22m[2m │ gzip:   0.88 kB[22m
[2m../../../../AppData/Local/Temp/chromatic--27232-o9FKgGLzepad/[22m[36massets/preview-3dd8027b.js                [39m[1m[2m  2.75 kB[22m[1m[22m[2m │ gzip:   1.38 kB[22m
[2m../../../../AppData/Local/Temp/chromatic--27232-o9FKgGLzepad/[22m[36massets/Icon.stories-e6b4c701.js           [39m[1m[2m  3.03 kB[22m[1m[22m[2m │ gzip:   1.17 kB[22m
[2m../../../../AppData/Local/Temp/chromatic--27232-o9FKgGLzepad/[22m[36massets/Page.stories-f39ec3da.js           [39m[1m[2m  3.54 kB[22m[1m[22m[2m │ gzip:   1.55 kB[22m
[2m../../../../AppData/Local/Temp/chromatic--27232-o9FKgGLzepad/[22m[36massets/Badge.stories-44c431b5.js          [39m[1m[2m  4.65 kB[22m[1m[22m[2m │ gzip:   1.48 kB[22m
[2m../../../../AppData/Local/Temp/chromatic--27232-o9FKgGLzepad/[22m[36massets/preview-30b1a6f3.js                [39m[1m[2m  5.03 kB[22m[1m[22m[2m │ gzip:   1.86 kB[22m
[2m../../../../AppData/Local/Temp/chromatic--27232-o9FKgGLzepad/[22m[36massets/Avatar.stories-224f1c57.js         [39m[1m[2m  6.13 kB[22m[1m[22m[2m │ gzip:   2.01 kB[22m
[2m../../../../AppData/Local/Temp/chromatic--27232-o9FKgGLzepad/[22m[36massets/Link.stories-c35c5598.js           [39m[1m[2m  7.03 kB[22m[1m[22m[2m │ gzip:   2.15 kB[22m
[2m../../../../AppData/Local/Temp/chromatic--27232-o9FKgGLzepad/[22m[36massets/index-d4014758.js                  [39m[1m[2m  7.34 kB[22m[1m[22m[2m │ gzip:   2.95 kB[22m
[2m../../../../AppData/Local/Temp/chromatic--27232-o9FKgGLzepad/[22m[36massets/preview-0a3d7b22.js                [39m[1m[2m  7.62 kB[22m[1m[22m[2m │ gzip:   1.56 kB[22m
[2m../../../../AppData/Local/Temp/chromatic--27232-o9FKgGLzepad/[22m[36massets/preview-9e19507e.js                [39m[1m[2m  8.29 kB[22m[1m[22m[2m │ gzip:   3.18 kB[22m
[2m../../../../AppData/Local/Temp/chromatic--27232-o9FKgGLzepad/[22m[36massets/StoryLinkWrapper-56204df7.js       [39m[1m[2m 12.72 kB[22m[1m[22m[2m │ gzip:   4.86 kB[22m
[2m../../../../AppData/Local/Temp/chromatic--27232-o9FKgGLzepad/[22m[36massets/Configure-6ab42211.js              [39m[1m[2m 17.34 kB[22m[1m[22m[2m │ gzip:   7.66 kB[22m
[2m../../../../AppData/Local/Temp/chromatic--27232-o9FKgGLzepad/[22m[36massets/index-09cd1211.js                  [39m[1m[2m 18.27 kB[22m[1m[22m[2m │ gzip:   7.49 kB[22m
[2m../../../../AppData/Local/Temp/chromatic--27232-o9FKgGLzepad/[22m[36massets/Button.stories-29984c3d.js         [39m[1m[2m 22.49 kB[22m[1m[22m[2m │ gzip:   3.75 kB[22m
[2m../../../../AppData/Local/Temp/chromatic--27232-o9FKgGLzepad/[22m[36massets/Color-F6OSRLHC-7599af9a.js         [39m[1m[2m 29.30 kB[22m[1m[22m[2m │ gzip:  11.01 kB[22m
[2m../../../../AppData/Local/Temp/chromatic--27232-o9FKgGLzepad/[22m[36massets/entry-preview-0c1c1015.js          [39m[1m[2m 41.43 kB[22m[1m[22m[2m │ gzip:  13.94 kB[22m
[2m../../../../AppData/Local/Temp/chromatic--27232-o9FKgGLzepad/[22m[36massets/index-03cd1b58.js                  [39m[1m[2m 53.67 kB[22m[1m[22m[2m │ gzip:  15.54 kB[22m
[2m../../../../AppData/Local/Temp/chromatic--27232-o9FKgGLzepad/[22m[36massets/index-bd9ca7a8.js                  [39m[1m[2m134.03 kB[22m[1m[22m[2m │ gzip:  43.19 kB[22m
[2m../../../../AppData/Local/Temp/chromatic--27232-o9FKgGLzepad/[22m[36massets/Icon-a500257b.js                   [39m[1m[2m140.20 kB[22m[1m[22m[2m │ gzip:  50.92 kB[22m
[2m../../../../AppData/Local/Temp/chromatic--27232-o9FKgGLzepad/[22m[36massets/iframe-ebdb1cee.js                 [39m[1m[2m193.27 kB[22m[1m[22m[2m │ gzip:  66.46 kB[22m
[2m../../../../AppData/Local/Temp/chromatic--27232-o9FKgGLzepad/[22m[36massets/entry-preview-docs-a50ea1f8.js     [39m[1m[2m244.63 kB[22m[1m[22m[2m │ gzip:  73.37 kB[22m
[2m../../../../AppData/Local/Temp/chromatic--27232-o9FKgGLzepad/[22m[36massets/index-53d15194.js                  [39m[1m[33m661.29 kB[39m[22m[2m │ gzip: 156.46 kB[22m
[2m../../../../AppData/Local/Temp/chromatic--27232-o9FKgGLzepad/[22m[36massets/index-394ddccd.js                  [39m[1m[33m883.34 kB[39m[22m[2m │ gzip: 276.88 kB[22m
[32m✓ built in 9.46s[39m
info => Preview built ([38;2;181;126;229m11 s[39m)
info => Output directory: C:\Users\rajka\AppData\Local\Temp\chromatic--27232-o9FKgGLzepad
Done in 20.07s.
